<?xml version="1.0" encoding="UTF-8"?>
<testng-results ignored="0" total="7" passed="5" failed="2" skipped="0">
  <reporter-output>
  </reporter-output>
  <suite started-at="2020-01-26T17:06:52 IST" name="Default suite" finished-at="2020-01-26T17:09:59 IST" duration-ms="187493">
    <groups>
    </groups>
    <test started-at="2020-01-26T17:06:52 IST" name="Default test" finished-at="2020-01-26T17:09:59 IST" duration-ms="187493">
      <class name="com.amazon.testpage.LoginTest">
        <test-method is-config="true" signature="beforeClass()[pri:0, instance:com.amazon.testpage.LoginTest@c33b74f]" started-at="2020-01-26T17:06:52 IST" name="beforeClass" finished-at="2020-01-26T17:07:18 IST" duration-ms="26755" status="PASS">
          <reporter-output>
          </reporter-output>
        </test-method> <!-- beforeClass -->
        <test-method is-config="true" signature="beforeMethod()[pri:0, instance:com.amazon.testpage.LoginTest@c33b74f]" started-at="2020-01-26T17:07:30 IST" name="beforeMethod" finished-at="2020-01-26T17:07:34 IST" duration-ms="3849" status="PASS">
          <reporter-output>
          </reporter-output>
        </test-method> <!-- beforeMethod -->
        <test-method signature="ScenarioFive(java.lang.String, java.lang.String, java.lang.String, java.lang.String, java.lang.String, java.lang.String, java.lang.String)[pri:0, instance:com.amazon.testpage.LoginTest@c33b74f]" started-at="2020-01-26T17:07:34 IST" name="ScenarioFive" data-provider="getdatalogin" finished-at="2020-01-26T17:07:41 IST" duration-ms="6845" status="PASS">
          <params>
            <param index="0">
              <value>
                <![CDATA[g.gaurav2812@gmail.com]]>
              </value>
            </param>
            <param index="1">
              <value>
                <![CDATA[TWF1bGlAMjgxMiQ=]]>
              </value>
            </param>
            <param index="2">
              <value>
                <![CDATA[Hello, Gaurav]]>
              </value>
            </param>
            <param index="3">
              <value>
                <![CDATA[invalidEmail]]>
              </value>
            </param>
            <param index="4">
              <value>
                <![CDATA[invPass123]]>
              </value>
            </param>
            <param index="5">
              <value>
                <![CDATA[8793100405]]>
              </value>
            </param>
            <param index="6">
              <value>
                <![CDATA[1234]]>
              </value>
            </param>
          </params>
          <reporter-output>
          </reporter-output>
        </test-method> <!-- ScenarioFive -->
        <test-method is-config="true" signature="afterMethod()[pri:0, instance:com.amazon.testpage.LoginTest@c33b74f]" started-at="2020-01-26T17:07:41 IST" name="afterMethod" finished-at="2020-01-26T17:07:41 IST" duration-ms="0" status="PASS">
          <reporter-output>
          </reporter-output>
        </test-method> <!-- afterMethod -->
        <test-method is-config="true" signature="beforeMethod()[pri:0, instance:com.amazon.testpage.LoginTest@c33b74f]" started-at="2020-01-26T17:07:41 IST" name="beforeMethod" finished-at="2020-01-26T17:07:41 IST" duration-ms="606" status="PASS">
          <reporter-output>
          </reporter-output>
        </test-method> <!-- beforeMethod -->
        <test-method signature="ScenarioFour()[pri:0, instance:com.amazon.testpage.LoginTest@c33b74f]" started-at="2020-01-26T17:07:41 IST" name="ScenarioFour" finished-at="2020-01-26T17:07:42 IST" duration-ms="886" status="PASS">
          <reporter-output>
          </reporter-output>
        </test-method> <!-- ScenarioFour -->
        <test-method is-config="true" signature="afterMethod()[pri:0, instance:com.amazon.testpage.LoginTest@c33b74f]" started-at="2020-01-26T17:07:42 IST" name="afterMethod" finished-at="2020-01-26T17:07:42 IST" duration-ms="1" status="PASS">
          <reporter-output>
          </reporter-output>
        </test-method> <!-- afterMethod -->
        <test-method is-config="true" signature="beforeMethod()[pri:0, instance:com.amazon.testpage.LoginTest@c33b74f]" started-at="2020-01-26T17:07:42 IST" name="beforeMethod" finished-at="2020-01-26T17:07:43 IST" duration-ms="592" status="PASS">
          <reporter-output>
          </reporter-output>
        </test-method> <!-- beforeMethod -->
        <test-method signature="ScenarioOne(java.lang.String, java.lang.String, java.lang.String, java.lang.String, java.lang.String, java.lang.String, java.lang.String)[pri:0, instance:com.amazon.testpage.LoginTest@c33b74f]" started-at="2020-01-26T17:07:43 IST" name="ScenarioOne" data-provider="getdatalogin" finished-at="2020-01-26T17:08:48 IST" duration-ms="65036" status="FAIL">
          <params>
            <param index="0">
              <value>
                <![CDATA[g.gaurav2812@gmail.com]]>
              </value>
            </param>
            <param index="1">
              <value>
                <![CDATA[TWF1bGlAMjgxMiQ=]]>
              </value>
            </param>
            <param index="2">
              <value>
                <![CDATA[Hello, Gaurav]]>
              </value>
            </param>
            <param index="3">
              <value>
                <![CDATA[invalidEmail]]>
              </value>
            </param>
            <param index="4">
              <value>
                <![CDATA[invPass123]]>
              </value>
            </param>
            <param index="5">
              <value>
                <![CDATA[8793100405]]>
              </value>
            </param>
            <param index="6">
              <value>
                <![CDATA[1234]]>
              </value>
            </param>
          </params>
          <exception class="org.openqa.selenium.NoSuchElementException">
            <message>
              <![CDATA[no such element: Unable to locate element: {"method":"xpath","selector":"//a[@id='nav-link-accountList']/span[contains(text(),'Hello,')]"}
  (Session info: chrome=79.0.3945.130)
For documentation on this error, please visit: https://www.seleniumhq.org/exceptions/no_such_element.html
Build info: version: '3.141.59', revision: 'e82be7d358', time: '2018-11-14T08:17:03'
System info: host: 'DESKTOP-CL4KTUF', ip: '192.168.31.214', os.name: 'Windows 10', os.arch: 'amd64', os.version: '10.0', java.version: '13.0.1'
Driver info: org.openqa.selenium.chrome.ChromeDriver
Capabilities {acceptInsecureCerts: false, browserName: chrome, browserVersion: 79.0.3945.130, chrome: {chromedriverVersion: 79.0.3945.36 (3582db32b3389..., userDataDir: C:\Users\ggaur\AppData\Loca...}, goog:chromeOptions: {debuggerAddress: localhost:56408}, javascriptEnabled: true, networkConnectionEnabled: false, pageLoadStrategy: normal, platform: WINDOWS, platformName: WINDOWS, proxy: Proxy(), setWindowRect: true, strictFileInteractability: false, timeouts: {implicit: 0, pageLoad: 300000, script: 30000}, unhandledPromptBehavior: dismiss and notify}
Session ID: ae76b2aa4b5f1829ac209a6c4f456a16
*** Element info: {Using=xpath, value=//a[@id='nav-link-accountList']/span[contains(text(),'Hello,')]}]]>
            </message>
            <full-stacktrace>
              <![CDATA[org.openqa.selenium.NoSuchElementException: no such element: Unable to locate element: {"method":"xpath","selector":"//a[@id='nav-link-accountList']/span[contains(text(),'Hello,')]"}
  (Session info: chrome=79.0.3945.130)
For documentation on this error, please visit: https://www.seleniumhq.org/exceptions/no_such_element.html
Build info: version: '3.141.59', revision: 'e82be7d358', time: '2018-11-14T08:17:03'
System info: host: 'DESKTOP-CL4KTUF', ip: '192.168.31.214', os.name: 'Windows 10', os.arch: 'amd64', os.version: '10.0', java.version: '13.0.1'
Driver info: org.openqa.selenium.chrome.ChromeDriver
Capabilities {acceptInsecureCerts: false, browserName: chrome, browserVersion: 79.0.3945.130, chrome: {chromedriverVersion: 79.0.3945.36 (3582db32b3389..., userDataDir: C:\Users\ggaur\AppData\Loca...}, goog:chromeOptions: {debuggerAddress: localhost:56408}, javascriptEnabled: true, networkConnectionEnabled: false, pageLoadStrategy: normal, platform: WINDOWS, platformName: WINDOWS, proxy: Proxy(), setWindowRect: true, strictFileInteractability: false, timeouts: {implicit: 0, pageLoad: 300000, script: 30000}, unhandledPromptBehavior: dismiss and notify}
Session ID: ae76b2aa4b5f1829ac209a6c4f456a16
*** Element info: {Using=xpath, value=//a[@id='nav-link-accountList']/span[contains(text(),'Hello,')]}
at java.base/jdk.internal.reflect.NativeConstructorAccessorImpl.newInstance0(Native Method)
at java.base/jdk.internal.reflect.NativeConstructorAccessorImpl.newInstance(NativeConstructorAccessorImpl.java:62)
at java.base/jdk.internal.reflect.DelegatingConstructorAccessorImpl.newInstance(DelegatingConstructorAccessorImpl.java:45)
at java.base/java.lang.reflect.Constructor.newInstanceWithCaller(Constructor.java:500)
at java.base/java.lang.reflect.Constructor.newInstance(Constructor.java:481)
at org.openqa.selenium.remote.http.W3CHttpResponseCodec.createException(W3CHttpResponseCodec.java:187)
at org.openqa.selenium.remote.http.W3CHttpResponseCodec.decode(W3CHttpResponseCodec.java:122)
at org.openqa.selenium.remote.http.W3CHttpResponseCodec.decode(W3CHttpResponseCodec.java:49)
at org.openqa.selenium.remote.HttpCommandExecutor.execute(HttpCommandExecutor.java:158)
at org.openqa.selenium.remote.service.DriverCommandExecutor.execute(DriverCommandExecutor.java:83)
at org.openqa.selenium.remote.RemoteWebDriver.execute(RemoteWebDriver.java:552)
at org.openqa.selenium.remote.RemoteWebDriver.findElement(RemoteWebDriver.java:323)
at org.openqa.selenium.remote.RemoteWebDriver.findElementByXPath(RemoteWebDriver.java:428)
at org.openqa.selenium.By$ByXPath.findElement(By.java:353)
at org.openqa.selenium.remote.RemoteWebDriver.findElement(RemoteWebDriver.java:315)
at org.openqa.selenium.support.pagefactory.DefaultElementLocator.findElement(DefaultElementLocator.java:69)
at org.openqa.selenium.support.pagefactory.internal.LocatingElementHandler.invoke(LocatingElementHandler.java:38)
at com.sun.proxy.$Proxy15.getText(Unknown Source)
at com.amazon.pages.VerifyUserLoggedInPage.Verifylogin(VerifyUserLoggedInPage.java:36)
at com.amazon.testpage.LoginTest.ScenarioOne(LoginTest.java:128)
at java.base/jdk.internal.reflect.NativeMethodAccessorImpl.invoke0(Native Method)
at java.base/jdk.internal.reflect.NativeMethodAccessorImpl.invoke(NativeMethodAccessorImpl.java:62)
at java.base/jdk.internal.reflect.DelegatingMethodAccessorImpl.invoke(DelegatingMethodAccessorImpl.java:43)
at java.base/java.lang.reflect.Method.invoke(Method.java:567)
at org.testng.internal.MethodInvocationHelper.invokeMethod(MethodInvocationHelper.java:134)
at org.testng.internal.TestInvoker.invokeMethod(TestInvoker.java:597)
at org.testng.internal.TestInvoker.invokeTestMethod(TestInvoker.java:173)
at org.testng.internal.MethodRunner.runInSequence(MethodRunner.java:46)
at org.testng.internal.TestInvoker$MethodInvocationAgent.invoke(TestInvoker.java:816)
at org.testng.internal.TestInvoker.invokeTestMethods(TestInvoker.java:146)
at org.testng.internal.TestMethodWorker.invokeTestMethods(TestMethodWorker.java:146)
at org.testng.internal.TestMethodWorker.run(TestMethodWorker.java:128)
at java.base/java.util.ArrayList.forEach(ArrayList.java:1507)
at org.testng.TestRunner.privateRun(TestRunner.java:766)
at org.testng.TestRunner.run(TestRunner.java:587)
at org.testng.SuiteRunner.runTest(SuiteRunner.java:384)
at org.testng.SuiteRunner.runSequentially(SuiteRunner.java:378)
at org.testng.SuiteRunner.privateRun(SuiteRunner.java:337)
at org.testng.SuiteRunner.run(SuiteRunner.java:286)
at org.testng.SuiteRunnerWorker.runSuite(SuiteRunnerWorker.java:53)
at org.testng.SuiteRunnerWorker.run(SuiteRunnerWorker.java:96)
at org.testng.TestNG.runSuitesSequentially(TestNG.java:1187)
at org.testng.TestNG.runSuitesLocally(TestNG.java:1109)
at org.testng.TestNG.runSuites(TestNG.java:1039)
at org.testng.TestNG.run(TestNG.java:1007)
at org.testng.remote.AbstractRemoteTestNG.run(AbstractRemoteTestNG.java:115)
at org.testng.remote.RemoteTestNG.initAndRun(RemoteTestNG.java:251)
at org.testng.remote.RemoteTestNG.main(RemoteTestNG.java:77)
]]>
            </full-stacktrace>
          </exception> <!-- org.openqa.selenium.NoSuchElementException -->
          <reporter-output>
          </reporter-output>
        </test-method> <!-- ScenarioOne -->
        <test-method is-config="true" signature="afterMethod()[pri:0, instance:com.amazon.testpage.LoginTest@c33b74f]" started-at="2020-01-26T17:08:48 IST" name="afterMethod" finished-at="2020-01-26T17:08:48 IST" duration-ms="0" status="PASS">
          <reporter-output>
          </reporter-output>
        </test-method> <!-- afterMethod -->
        <test-method is-config="true" signature="beforeMethod()[pri:0, instance:com.amazon.testpage.LoginTest@c33b74f]" started-at="2020-01-26T17:08:48 IST" name="beforeMethod" finished-at="2020-01-26T17:08:50 IST" duration-ms="1397" status="PASS">
          <reporter-output>
          </reporter-output>
        </test-method> <!-- beforeMethod -->
        <test-method signature="ScenarioSeven(java.lang.String, java.lang.String, java.lang.String, java.lang.String, java.lang.String, java.lang.String, java.lang.String)[pri:0, instance:com.amazon.testpage.LoginTest@c33b74f]" started-at="2020-01-26T17:08:50 IST" name="ScenarioSeven" data-provider="getdatalogin" finished-at="2020-01-26T17:08:52 IST" duration-ms="2609" status="PASS">
          <params>
            <param index="0">
              <value>
                <![CDATA[g.gaurav2812@gmail.com]]>
              </value>
            </param>
            <param index="1">
              <value>
                <![CDATA[TWF1bGlAMjgxMiQ=]]>
              </value>
            </param>
            <param index="2">
              <value>
                <![CDATA[Hello, Gaurav]]>
              </value>
            </param>
            <param index="3">
              <value>
                <![CDATA[invalidEmail]]>
              </value>
            </param>
            <param index="4">
              <value>
                <![CDATA[invPass123]]>
              </value>
            </param>
            <param index="5">
              <value>
                <![CDATA[8793100405]]>
              </value>
            </param>
            <param index="6">
              <value>
                <![CDATA[1234]]>
              </value>
            </param>
          </params>
          <reporter-output>
          </reporter-output>
        </test-method> <!-- ScenarioSeven -->
        <test-method is-config="true" signature="afterMethod()[pri:0, instance:com.amazon.testpage.LoginTest@c33b74f]" started-at="2020-01-26T17:08:52 IST" name="afterMethod" finished-at="2020-01-26T17:08:52 IST" duration-ms="0" status="PASS">
          <reporter-output>
          </reporter-output>
        </test-method> <!-- afterMethod -->
        <test-method is-config="true" signature="beforeMethod()[pri:0, instance:com.amazon.testpage.LoginTest@c33b74f]" started-at="2020-01-26T17:08:52 IST" name="beforeMethod" finished-at="2020-01-26T17:08:53 IST" duration-ms="1035" status="PASS">
          <reporter-output>
          </reporter-output>
        </test-method> <!-- beforeMethod -->
        <test-method signature="ScenarioSix(java.lang.String, java.lang.String, java.lang.String, java.lang.String, java.lang.String, java.lang.String, java.lang.String)[pri:0, instance:com.amazon.testpage.LoginTest@c33b74f]" started-at="2020-01-26T17:08:53 IST" name="ScenarioSix" data-provider="getdatalogin" finished-at="2020-01-26T17:09:20 IST" duration-ms="26564" status="PASS">
          <params>
            <param index="0">
              <value>
                <![CDATA[g.gaurav2812@gmail.com]]>
              </value>
            </param>
            <param index="1">
              <value>
                <![CDATA[TWF1bGlAMjgxMiQ=]]>
              </value>
            </param>
            <param index="2">
              <value>
                <![CDATA[Hello, Gaurav]]>
              </value>
            </param>
            <param index="3">
              <value>
                <![CDATA[invalidEmail]]>
              </value>
            </param>
            <param index="4">
              <value>
                <![CDATA[invPass123]]>
              </value>
            </param>
            <param index="5">
              <value>
                <![CDATA[8793100405]]>
              </value>
            </param>
            <param index="6">
              <value>
                <![CDATA[1234]]>
              </value>
            </param>
          </params>
          <reporter-output>
          </reporter-output>
        </test-method> <!-- ScenarioSix -->
        <test-method is-config="true" signature="afterMethod()[pri:0, instance:com.amazon.testpage.LoginTest@c33b74f]" started-at="2020-01-26T17:09:20 IST" name="afterMethod" finished-at="2020-01-26T17:09:20 IST" duration-ms="1" status="PASS">
          <reporter-output>
          </reporter-output>
        </test-method> <!-- afterMethod -->
        <test-method is-config="true" signature="beforeMethod()[pri:0, instance:com.amazon.testpage.LoginTest@c33b74f]" started-at="2020-01-26T17:09:20 IST" name="beforeMethod" finished-at="2020-01-26T17:09:21 IST" duration-ms="823" status="PASS">
          <reporter-output>
          </reporter-output>
        </test-method> <!-- beforeMethod -->
        <test-method signature="ScenarioThree(java.lang.String, java.lang.String, java.lang.String, java.lang.String, java.lang.String, java.lang.String, java.lang.String)[pri:0, instance:com.amazon.testpage.LoginTest@c33b74f]" started-at="2020-01-26T17:09:21 IST" name="ScenarioThree" data-provider="getdatalogin" finished-at="2020-01-26T17:09:52 IST" duration-ms="31224" status="FAIL">
          <params>
            <param index="0">
              <value>
                <![CDATA[g.gaurav2812@gmail.com]]>
              </value>
            </param>
            <param index="1">
              <value>
                <![CDATA[TWF1bGlAMjgxMiQ=]]>
              </value>
            </param>
            <param index="2">
              <value>
                <![CDATA[Hello, Gaurav]]>
              </value>
            </param>
            <param index="3">
              <value>
                <![CDATA[invalidEmail]]>
              </value>
            </param>
            <param index="4">
              <value>
                <![CDATA[invPass123]]>
              </value>
            </param>
            <param index="5">
              <value>
                <![CDATA[8793100405]]>
              </value>
            </param>
            <param index="6">
              <value>
                <![CDATA[1234]]>
              </value>
            </param>
          </params>
          <exception class="java.lang.AssertionError">
            <message>
              <![CDATA[expected [Your password is incorrect] but found [Enter the characters as they are shown in the image.]]]>
            </message>
            <full-stacktrace>
              <![CDATA[java.lang.AssertionError: expected [Your password is incorrect] but found [Enter the characters as they are shown in the image.]
at org.testng.Assert.fail(Assert.java:97)
at org.testng.Assert.assertEqualsImpl(Assert.java:136)
at org.testng.Assert.assertEquals(Assert.java:118)
at org.testng.Assert.assertEquals(Assert.java:575)
at org.testng.Assert.assertEquals(Assert.java:585)
at com.amazon.testpage.LoginTest.ScenarioThree(LoginTest.java:230)
at java.base/jdk.internal.reflect.NativeMethodAccessorImpl.invoke0(Native Method)
at java.base/jdk.internal.reflect.NativeMethodAccessorImpl.invoke(NativeMethodAccessorImpl.java:62)
at java.base/jdk.internal.reflect.DelegatingMethodAccessorImpl.invoke(DelegatingMethodAccessorImpl.java:43)
at java.base/java.lang.reflect.Method.invoke(Method.java:567)
at org.testng.internal.MethodInvocationHelper.invokeMethod(MethodInvocationHelper.java:134)
at org.testng.internal.TestInvoker.invokeMethod(TestInvoker.java:597)
at org.testng.internal.TestInvoker.invokeTestMethod(TestInvoker.java:173)
at org.testng.internal.MethodRunner.runInSequence(MethodRunner.java:46)
at org.testng.internal.TestInvoker$MethodInvocationAgent.invoke(TestInvoker.java:816)
at org.testng.internal.TestInvoker.invokeTestMethods(TestInvoker.java:146)
at org.testng.internal.TestMethodWorker.invokeTestMethods(TestMethodWorker.java:146)
at org.testng.internal.TestMethodWorker.run(TestMethodWorker.java:128)
at java.base/java.util.ArrayList.forEach(ArrayList.java:1507)
at org.testng.TestRunner.privateRun(TestRunner.java:766)
at org.testng.TestRunner.run(TestRunner.java:587)
at org.testng.SuiteRunner.runTest(SuiteRunner.java:384)
at org.testng.SuiteRunner.runSequentially(SuiteRunner.java:378)
at org.testng.SuiteRunner.privateRun(SuiteRunner.java:337)
at org.testng.SuiteRunner.run(SuiteRunner.java:286)
at org.testng.SuiteRunnerWorker.runSuite(SuiteRunnerWorker.java:53)
at org.testng.SuiteRunnerWorker.run(SuiteRunnerWorker.java:96)
at org.testng.TestNG.runSuitesSequentially(TestNG.java:1187)
at org.testng.TestNG.runSuitesLocally(TestNG.java:1109)
at org.testng.TestNG.runSuites(TestNG.java:1039)
at org.testng.TestNG.run(TestNG.java:1007)
at org.testng.remote.AbstractRemoteTestNG.run(AbstractRemoteTestNG.java:115)
at org.testng.remote.RemoteTestNG.initAndRun(RemoteTestNG.java:251)
at org.testng.remote.RemoteTestNG.main(RemoteTestNG.java:77)
]]>
            </full-stacktrace>
          </exception> <!-- java.lang.AssertionError -->
          <reporter-output>
          </reporter-output>
        </test-method> <!-- ScenarioThree -->
        <test-method is-config="true" signature="afterMethod()[pri:0, instance:com.amazon.testpage.LoginTest@c33b74f]" started-at="2020-01-26T17:09:52 IST" name="afterMethod" finished-at="2020-01-26T17:09:52 IST" duration-ms="1" status="PASS">
          <reporter-output>
          </reporter-output>
        </test-method> <!-- afterMethod -->
        <test-method is-config="true" signature="beforeMethod()[pri:0, instance:com.amazon.testpage.LoginTest@c33b74f]" started-at="2020-01-26T17:09:52 IST" name="beforeMethod" finished-at="2020-01-26T17:09:53 IST" duration-ms="736" status="PASS">
          <reporter-output>
          </reporter-output>
        </test-method> <!-- beforeMethod -->
        <test-method signature="ScenarioTwo(java.lang.String, java.lang.String, java.lang.String, java.lang.String, java.lang.String, java.lang.String, java.lang.String)[pri:0, instance:com.amazon.testpage.LoginTest@c33b74f]" started-at="2020-01-26T17:09:53 IST" name="ScenarioTwo" data-provider="getdatalogin" finished-at="2020-01-26T17:09:55 IST" duration-ms="2201" status="PASS">
          <params>
            <param index="0">
              <value>
                <![CDATA[g.gaurav2812@gmail.com]]>
              </value>
            </param>
            <param index="1">
              <value>
                <![CDATA[TWF1bGlAMjgxMiQ=]]>
              </value>
            </param>
            <param index="2">
              <value>
                <![CDATA[Hello, Gaurav]]>
              </value>
            </param>
            <param index="3">
              <value>
                <![CDATA[invalidEmail]]>
              </value>
            </param>
            <param index="4">
              <value>
                <![CDATA[invPass123]]>
              </value>
            </param>
            <param index="5">
              <value>
                <![CDATA[8793100405]]>
              </value>
            </param>
            <param index="6">
              <value>
                <![CDATA[1234]]>
              </value>
            </param>
          </params>
          <reporter-output>
          </reporter-output>
        </test-method> <!-- ScenarioTwo -->
        <test-method is-config="true" signature="afterMethod()[pri:0, instance:com.amazon.testpage.LoginTest@c33b74f]" started-at="2020-01-26T17:09:55 IST" name="afterMethod" finished-at="2020-01-26T17:09:55 IST" duration-ms="2" status="PASS">
          <reporter-output>
          </reporter-output>
        </test-method> <!-- afterMethod -->
        <test-method is-config="true" signature="afterClass()[pri:0, instance:com.amazon.testpage.LoginTest@c33b74f]" started-at="2020-01-26T17:09:55 IST" name="afterClass" finished-at="2020-01-26T17:09:59 IST" duration-ms="4035" status="PASS">
          <reporter-output>
          </reporter-output>
        </test-method> <!-- afterClass -->
      </class> <!-- com.amazon.testpage.LoginTest -->
    </test> <!-- Default test -->
  </suite> <!-- Default suite -->
</testng-results>
